<?xml version="1.0" encoding="UTF-8"?>
<!-- Generated by org.testng.reporters.JUnitReportReporter -->
<testsuite hostname="SHREYAS-PC" failures="0" tests="3" name="Runners.ProfileRunner" time="0.362" errors="0" timestamp="2023-08-31T13:52:09 IST" skipped="0">
  <testcase classname="Runners.ProfileRunner" name="runScenario" time="0.060"/>
  <system-out/>
  <testcase classname="Runners.ProfileRunner" name="runScenario" time="0.253"/>
  <system-out/>
  <testcase classname="Runners.ProfileRunner" name="runScenario" time="0.049"/>
  <system-out/>
</testsuite> <!-- Runners.ProfileRunner -->
