<?xml version="1.0" encoding="UTF-8"?>
<!-- Generated by org.testng.reporters.JUnitReportReporter -->
<testsuite hostname="SHREYAS-PC" failures="0" tests="3" name="Runners.CampaignRunner" time="0.336" errors="0" timestamp="2023-08-31T14:02:20 IST" skipped="0">
  <testcase classname="Runners.CampaignRunner" name="runScenario" time="0.044"/>
  <system-out/>
  <testcase classname="Runners.CampaignRunner" name="runScenario" time="0.226"/>
  <system-out/>
  <testcase classname="Runners.CampaignRunner" name="runScenario" time="0.066"/>
  <system-out/>
</testsuite> <!-- Runners.CampaignRunner -->
