<?xml version="1.0" encoding="UTF-8"?>
<!-- Generated by org.testng.reporters.JUnitReportReporter -->
<testsuite hostname="SHREYAS-PC" failures="0" tests="2" name="Runners.LoginRunner" time="0.507" errors="0" timestamp="2023-08-25T19:14:03 IST" skipped="0">
  <testcase classname="Runners.LoginRunner" name="runScenario" time="0.243"/>
  <system-out/>
  <testcase classname="Runners.LoginRunner" name="runScenario" time="0.264"/>
  <system-out/>
</testsuite> <!-- Runners.LoginRunner -->
