<?xml version="1.0" encoding="UTF-8"?>
<!-- Generated by org.testng.reporters.JUnitReportReporter -->
<testsuite hostname="SHREYAS-PC" failures="0" tests="3" name="Runners.ScenarioOutlineBackgroundRunner" time="0.358" errors="0" timestamp="2023-08-25T20:00:56 IST" skipped="0">
  <testcase classname="Runners.ScenarioOutlineBackgroundRunner" name="runScenario" time="0.084"/>
  <system-out/>
  <testcase classname="Runners.ScenarioOutlineBackgroundRunner" name="runScenario" time="0.048"/>
  <system-out/>
  <testcase classname="Runners.ScenarioOutlineBackgroundRunner" name="runScenario" time="0.226"/>
  <system-out/>
</testsuite> <!-- Runners.ScenarioOutlineBackgroundRunner -->
