<?xml version="1.0" encoding="UTF-8"?>
<!-- Generated by org.testng.reporters.JUnitReportReporter -->
<testsuite hostname="SHREYAS-PC" failures="0" tests="1" name="Runners.RegistrationRunner" time="0.404" errors="0" timestamp="2023-08-28T20:12:14 IST" skipped="0">
  <testcase classname="Runners.RegistrationRunner" name="runScenario" time="0.404"/>
  <system-out/>
</testsuite> <!-- Runners.RegistrationRunner -->
