<?xml version="1.0" encoding="UTF-8"?>
<!-- Generated by org.testng.reporters.JUnitReportReporter -->
<testsuite hostname="SHREYAS-PC" failures="0" tests="1" name="Runners.LoginWithDataRunner" time="0.290" errors="0" timestamp="2023-08-25T19:14:18 IST" skipped="0">
  <testcase classname="Runners.LoginWithDataRunner" name="runScenario" time="0.290"/>
  <system-out/>
</testsuite> <!-- Runners.LoginWithDataRunner -->
