<?xml version="1.0" encoding="UTF-8"?>
<!-- Generated by org.testng.reporters.JUnitReportReporter -->
<testsuite hostname="SHREYAS-PC" failures="0" tests="2" name="Runners.LoginRunner" time="0.216" errors="0" timestamp="2023-08-23T22:00:37 IST" skipped="0">
  <testcase classname="Runners.LoginRunner" name="runScenario" time="0.199"/>
  <system-out/>
  <testcase classname="Runners.LoginRunner" name="runScenario" time="0.017"/>
  <system-out/>
</testsuite> <!-- Runners.LoginRunner -->
