<?xml version="1.0" encoding="UTF-8"?>
<!-- Generated by org.testng.reporters.JUnitReportReporter -->
<testsuite hostname="SHREYAS-PC" failures="0" tests="3" name="Runners.ScenarioOutlineRunner" time="0.602" errors="0" timestamp="2023-08-25T19:14:56 IST" skipped="0">
  <testcase classname="Runners.ScenarioOutlineRunner" name="runScenario" time="0.053"/>
  <system-out/>
  <testcase classname="Runners.ScenarioOutlineRunner" name="runScenario" time="0.054"/>
  <system-out/>
  <testcase classname="Runners.ScenarioOutlineRunner" name="runScenario" time="0.495"/>
  <system-out/>
</testsuite> <!-- Runners.ScenarioOutlineRunner -->
