<?xml version="1.0" encoding="UTF-8"?>
<!-- Generated by org.testng.reporters.JUnitReportReporter -->
<testsuite hostname="SHREYAS-PC" failures="0" tests="3" name="Runners.OrderRunner" time="0.271" errors="0" timestamp="2023-08-25T19:14:36 IST" skipped="0">
  <testcase classname="Runners.OrderRunner" name="runScenario" time="0.194"/>
  <system-out/>
  <testcase classname="Runners.OrderRunner" name="runScenario" time="0.032"/>
  <system-out/>
  <testcase classname="Runners.OrderRunner" name="runScenario" time="0.045"/>
  <system-out/>
</testsuite> <!-- Runners.OrderRunner -->
